<?xml version="1.0" encoding="UTF-8"?>
<testsuite xmlns:xsi="http://www.w3.org/2001/XMLSchema-instance" xsi:noNamespaceSchemaLocation="https://maven.apache.org/surefire/maven-surefire-plugin/xsd/surefire-test-report-3.0.xsd" version="3.0" name="io.trino.TestEmbeddedServer" time="0.505" tests="1" errors="0" skipped="0" failures="0">
  <properties>
    <property name="java.specification.version" value="18"/>
    <property name="sun.jnu.encoding" value="UTF-8"/>
    <property name="user.region" value="US"/>
    <property name="java.class.path" value="/Users/brian/code/lone-bunny/target/test-classes:/Users/brian/code/lone-bunny/target/classes:/Users/brian/.m2/repository/io/airlift/bootstrap/219/bootstrap-219.jar:/Users/brian/.m2/repository/io/airlift/log-manager/219/log-manager-219.jar:/Users/brian/.m2/repository/org/slf4j/slf4j-jdk14/1.7.36/slf4j-jdk14-1.7.36.jar:/Users/brian/.m2/repository/org/slf4j/log4j-over-slf4j/1.7.36/log4j-over-slf4j-1.7.36.jar:/Users/brian/.m2/repository/org/apache/logging/log4j/log4j-to-slf4j/2.17.1/log4j-to-slf4j-2.17.1.jar:/Users/brian/.m2/repository/org/apache/logging/log4j/log4j-api/2.17.1/log4j-api-2.17.1.jar:/Users/brian/.m2/repository/org/slf4j/jcl-over-slf4j/1.7.36/jcl-over-slf4j-1.7.36.jar:/Users/brian/.m2/repository/ch/qos/logback/logback-core/1.2.11/logback-core-1.2.11.jar:/Users/brian/.m2/repository/io/airlift/configuration/219/configuration-219.jar:/Users/brian/.m2/repository/com/google/inject/guice/5.1.0/guice-5.1.0.jar:/Users/brian/.m2/repository/aopalliance/aopalliance/1.0/aopalliance-1.0.jar:/Users/brian/.m2/repository/javax/annotation/javax.annotation-api/1.3.2/javax.annotation-api-1.3.2.jar:/Users/brian/.m2/repository/javax/inject/javax.inject/1/javax.inject-1.jar:/Users/brian/.m2/repository/io/airlift/log/219/log-219.jar:/Users/brian/.m2/repository/io/trino/trino-main/403/trino-main-403.jar:/Users/brian/.m2/repository/io/trino/trino-array/403/trino-array-403.jar:/Users/brian/.m2/repository/io/trino/trino-client/403/trino-client-403.jar:/Users/brian/.m2/repository/io/trino/trino-collect/403/trino-collect-403.jar:/Users/brian/.m2/repository/io/trino/trino-geospatial-toolkit/403/trino-geospatial-toolkit-403.jar:/Users/brian/.m2/repository/org/locationtech/jts/io/jts-io-common/1.16.1/jts-io-common-1.16.1.jar:/Users/brian/.m2/repository/com/googlecode/json-simple/json-simple/1.1.1/json-simple-1.1.1.jar:/Users/brian/.m2/repository/io/trino/trino-matching/403/trino-matching-403.jar:/Users/brian/.m2/repository/io/trino/trino-memory-context/403/trino-memory-context-403.jar:/Users/brian/.m2/repository/io/trino/trino-parser/403/trino-parser-403.jar:/Users/brian/.m2/repository/io/trino/trino-plugin-toolkit/403/trino-plugin-toolkit-403.jar:/Users/brian/.m2/repository/io/airlift/parameternames/1.4/parameternames-1.4.jar:/Users/brian/.m2/repository/io/trino/trino-spi/403/trino-spi-403.jar:/Users/brian/.m2/repository/io/airlift/aircompressor/0.21/aircompressor-0.21.jar:/Users/brian/.m2/repository/io/airlift/bytecode/1.4/bytecode-1.4.jar:/Users/brian/.m2/repository/org/ow2/asm/asm-tree/9.2/asm-tree-9.2.jar:/Users/brian/.m2/repository/org/ow2/asm/asm-util/9.2/asm-util-9.2.jar:/Users/brian/.m2/repository/org/ow2/asm/asm-analysis/9.2/asm-analysis-9.2.jar:/Users/brian/.m2/repository/io/airlift/concurrent/219/concurrent-219.jar:/Users/brian/.m2/repository/io/airlift/discovery/219/discovery-219.jar:/Users/brian/.m2/repository/io/airlift/event/219/event-219.jar:/Users/brian/.m2/repository/io/airlift/http-client/219/http-client-219.jar:/Users/brian/.m2/repository/org/eclipse/jetty/jetty-client/9.4.49.v20220914/jetty-client-9.4.49.v20220914.jar:/Users/brian/.m2/repository/org/eclipse/jetty/jetty-io/9.4.49.v20220914/jetty-io-9.4.49.v20220914.jar:/Users/brian/.m2/repository/org/eclipse/jetty/jetty-util/9.4.49.v20220914/jetty-util-9.4.49.v20220914.jar:/Users/brian/.m2/repository/org/eclipse/jetty/jetty-http/9.4.49.v20220914/jetty-http-9.4.49.v20220914.jar:/Users/brian/.m2/repository/org/eclipse/jetty/http2/http2-client/9.4.49.v20220914/http2-client-9.4.49.v20220914.jar:/Users/brian/.m2/repository/org/eclipse/jetty/http2/http2-common/9.4.49.v20220914/http2-common-9.4.49.v20220914.jar:/Users/brian/.m2/repository/org/eclipse/jetty/http2/http2-hpack/9.4.49.v20220914/http2-hpack-9.4.49.v20220914.jar:/Users/brian/.m2/repository/org/eclipse/jetty/jetty-alpn-client/9.4.49.v20220914/jetty-alpn-client-9.4.49.v20220914.jar:/Users/brian/.m2/repository/org/eclipse/jetty/http2/http2-http-client-transport/9.4.49.v20220914/http2-http-client-transport-9.4.49.v20220914.jar:/Users/brian/.m2/repository/org/eclipse/jetty/jetty-alpn-java-client/9.4.49.v20220914/jetty-alpn-java-client-9.4.49.v20220914.jar:/Users/brian/.m2/repository/io/airlift/http-server/219/http-server-219.jar:/Users/brian/.m2/repository/org/eclipse/jetty/http2/http2-server/9.4.49.v20220914/http2-server-9.4.49.v20220914.jar:/Users/brian/.m2/repository/org/eclipse/jetty/jetty-server/9.4.49.v20220914/jetty-server-9.4.49.v20220914.jar:/Users/brian/.m2/repository/org/eclipse/jetty/jetty-servlet/9.4.49.v20220914/jetty-servlet-9.4.49.v20220914.jar:/Users/brian/.m2/repository/org/eclipse/jetty/jetty-util-ajax/9.4.49.v20220914/jetty-util-ajax-9.4.49.v20220914.jar:/Users/brian/.m2/repository/org/eclipse/jetty/jetty-security/9.4.49.v20220914/jetty-security-9.4.49.v20220914.jar:/Users/brian/.m2/repository/org/eclipse/jetty/jetty-jmx/9.4.49.v20220914/jetty-jmx-9.4.49.v20220914.jar:/Users/brian/.m2/repository/io/airlift/jaxrs/219/jaxrs-219.jar:/Users/brian/.m2/repository/javax/xml/bind/jaxb-api/2.3.1/jaxb-api-2.3.1.jar:/Users/brian/.m2/repository/javax/activation/javax.activation-api/1.2.0/javax.activation-api-1.2.0.jar:/Users/brian/.m2/repository/org/glassfish/jaxb/jaxb-runtime/2.3.4/jaxb-runtime-2.3.4.jar:/Users/brian/.m2/repository/org/glassfish/jaxb/txw2/2.3.4/txw2-2.3.4.jar:/Users/brian/.m2/repository/com/sun/istack/istack-commons-runtime/3.0.12/istack-commons-runtime-3.0.12.jar:/Users/brian/.m2/repository/org/glassfish/jersey/core/jersey-server/2.26/jersey-server-2.26.jar:/Users/brian/.m2/repository/org/glassfish/jersey/core/jersey-common/2.26/jersey-common-2.26.jar:/Users/brian/.m2/repository/org/glassfish/hk2/osgi-resource-locator/1.0.1/osgi-resource-locator-1.0.1.jar:/Users/brian/.m2/repository/org/glassfish/jersey/core/jersey-client/2.26/jersey-client-2.26.jar:/Users/brian/.m2/repository/org/glassfish/jersey/media/jersey-media-jaxb/2.26/jersey-media-jaxb-2.26.jar:/Users/brian/.m2/repository/org/glassfish/jersey/containers/jersey-container-servlet-core/2.26/jersey-container-servlet-core-2.26.jar:/Users/brian/.m2/repository/org/glassfish/jersey/containers/jersey-container-servlet/2.26/jersey-container-servlet-2.26.jar:/Users/brian/.m2/repository/org/glassfish/jersey/inject/jersey-hk2/2.26/jersey-hk2-2.26.jar:/Users/brian/.m2/repository/org/glassfish/hk2/hk2-locator/2.5.0-b42/hk2-locator-2.5.0-b42.jar:/Users/brian/.m2/repository/org/glassfish/hk2/hk2-api/2.5.0-b42/hk2-api-2.5.0-b42.jar:/Users/brian/.m2/repository/org/glassfish/hk2/hk2-utils/2.5.0-b42/hk2-utils-2.5.0-b42.jar:/Users/brian/.m2/repository/org/javassist/javassist/3.22.0-CR2/javassist-3.22.0-CR2.jar:/Users/brian/.m2/repository/com/fasterxml/jackson/dataformat/jackson-dataformat-smile/2.13.4/jackson-dataformat-smile-2.13.4.jar:/Users/brian/.m2/repository/io/airlift/jmx/219/jmx-219.jar:/Users/brian/.m2/repository/io/airlift/jmx-http/219/jmx-http-219.jar:/Users/brian/.m2/repository/io/airlift/joni/2.1.5.3/joni-2.1.5.3.jar:/Users/brian/.m2/repository/io/airlift/json/219/json-219.jar:/Users/brian/.m2/repository/com/fasterxml/jackson/datatype/jackson-datatype-jsr310/2.13.4/jackson-datatype-jsr310-2.13.4.jar:/Users/brian/.m2/repository/com/fasterxml/jackson/datatype/jackson-datatype-guava/2.13.4/jackson-datatype-guava-2.13.4.jar:/Users/brian/.m2/repository/com/fasterxml/jackson/datatype/jackson-datatype-joda/2.13.4/jackson-datatype-joda-2.13.4.jar:/Users/brian/.m2/repository/com/fasterxml/jackson/module/jackson-module-parameter-names/2.13.4/jackson-module-parameter-names-2.13.4.jar:/Users/brian/.m2/repository/io/airlift/node/219/node-219.jar:/Users/brian/.m2/repository/io/airlift/security/219/security-219.jar:/Users/brian/.m2/repository/io/airlift/slice/0.44/slice-0.44.jar:/Users/brian/.m2/repository/io/airlift/stats/219/stats-219.jar:/Users/brian/.m2/repository/org/hdrhistogram/HdrHistogram/2.1.9/HdrHistogram-2.1.9.jar:/Users/brian/.m2/repository/io/airlift/trace-token/219/trace-token-219.jar:/Users/brian/.m2/repository/io/airlift/units/1.7/units-1.7.jar:/Users/brian/.m2/repository/io/airlift/discovery/discovery-server/1.30/discovery-server-1.30.jar:/Users/brian/.m2/repository/io/airlift/jmx-http-rpc/0.193/jmx-http-rpc-0.193.jar:/Users/brian/.m2/repository/org/iq80/leveldb/leveldb-api/0.12/leveldb-api-0.12.jar:/Users/brian/.m2/repository/org/iq80/leveldb/leveldb/0.12/leveldb-0.12.jar:/Users/brian/.m2/repository/io/airlift/event-http/0.193/event-http-0.193.jar:/Users/brian/.m2/repository/com/clearspring/analytics/stream/2.9.5/stream-2.9.5.jar:/Users/brian/.m2/repository/com/esri/geometry/esri-geometry-api/2.2.4/esri-geometry-api-2.2.4.jar:/Users/brian/.m2/repository/com/fasterxml/jackson/core/jackson-annotations/2.13.4/jackson-annotations-2.13.4.jar:/Users/brian/.m2/repository/com/fasterxml/jackson/core/jackson-core/2.13.4/jackson-core-2.13.4.jar:/Users/brian/.m2/repository/com/fasterxml/jackson/core/jackson-databind/2.13.4/jackson-databind-2.13.4.jar:/Users/brian/.m2/repository/com/github/oshi/oshi-core/5.8.5/oshi-core-5.8.5.jar:/Users/brian/.m2/repository/net/java/dev/jna/jna/5.10.0/jna-5.10.0.jar:/Users/brian/.m2/repository/com/google/code/findbugs/jsr305/3.0.2/jsr305-3.0.2.jar:/Users/brian/.m2/repository/com/google/errorprone/error_prone_annotations/2.15.0/error_prone_annotations-2.15.0.jar:/Users/brian/.m2/repository/com/nimbusds/nimbus-jose-jwt/9.14/nimbus-jose-jwt-9.14.jar:/Users/brian/.m2/repository/com/github/stephenc/jcip/jcip-annotations/1.0-1/jcip-annotations-1.0-1.jar:/Users/brian/.m2/repository/com/nimbusds/oauth2-oidc-sdk/9.18/oauth2-oidc-sdk-9.18.jar:/Users/brian/.m2/repository/com/nimbusds/content-type/2.1/content-type-2.1.jar:/Users/brian/.m2/repository/net/minidev/json-smart/2.4.7/json-smart-2.4.7.jar:/Users/brian/.m2/repository/net/minidev/accessors-smart/2.4.7/accessors-smart-2.4.7.jar:/Users/brian/.m2/repository/com/nimbusds/lang-tag/1.5/lang-tag-1.5.jar:/Users/brian/.m2/repository/com/teradata/re2j-td/1.4/re2j-td-1.4.jar:/Users/brian/.m2/repository/commons-codec/commons-codec/1.15/commons-codec-1.15.jar:/Users/brian/.m2/repository/io/jsonwebtoken/jjwt-api/0.11.2/jjwt-api-0.11.2.jar:/Users/brian/.m2/repository/io/jsonwebtoken/jjwt-impl/0.11.2/jjwt-impl-0.11.2.jar:/Users/brian/.m2/repository/io/jsonwebtoken/jjwt-jackson/0.11.2/jjwt-jackson-0.11.2.jar:/Users/brian/.m2/repository/it/unimi/dsi/fastutil/8.3.0/fastutil-8.3.0.jar:/Users/brian/.m2/repository/javax/servlet/javax.servlet-api/4.0.1/javax.servlet-api-4.0.1.jar:/Users/brian/.m2/repository/javax/validation/validation-api/2.0.1.Final/validation-api-2.0.1.Final.jar:/Users/brian/.m2/repository/javax/ws/rs/javax.ws.rs-api/2.1.1/javax.ws.rs-api-2.1.1.jar:/Users/brian/.m2/repository/joda-time/joda-time/2.12.1/joda-time-2.12.1.jar:/Users/brian/.m2/repository/net/jodah/failsafe/2.4.0/failsafe-2.4.0.jar:/Users/brian/.m2/repository/org/apache/commons/commons-math3/3.6.1/commons-math3-3.6.1.jar:/Users/brian/.m2/repository/org/apache/lucene/lucene-analyzers-common/8.4.1/lucene-analyzers-common-8.4.1.jar:/Users/brian/.m2/repository/org/apache/lucene/lucene-core/8.4.1/lucene-core-8.4.1.jar:/Users/brian/.m2/repository/org/gaul/modernizer-maven-annotations/2.4.0/modernizer-maven-annotations-2.4.0.jar:/Users/brian/.m2/repository/org/jgrapht/jgrapht-core/0.9.0/jgrapht-core-0.9.0.jar:/Users/brian/.m2/repository/org/locationtech/jts/jts-core/1.16.1/jts-core-1.16.1.jar:/Users/brian/.m2/repository/org/openjdk/jol/jol-core/0.16/jol-core-0.16.jar:/Users/brian/.m2/repository/org/ow2/asm/asm/9.3/asm-9.3.jar:/Users/brian/.m2/repository/org/pcollections/pcollections/2.1.2/pcollections-2.1.2.jar:/Users/brian/.m2/repository/org/roaringbitmap/RoaringBitmap/0.9.30/RoaringBitmap-0.9.30.jar:/Users/brian/.m2/repository/org/roaringbitmap/shims/0.9.30/shims-0.9.30.jar:/Users/brian/.m2/repository/org/weakref/jmxutils/1.21/jmxutils-1.21.jar:/Users/brian/.m2/repository/com/squareup/okhttp3/okhttp/3.14.9/okhttp-3.14.9.jar:/Users/brian/.m2/repository/com/squareup/okio/okio/1.17.2/okio-1.17.2.jar:/Users/brian/.m2/repository/com/squareup/okhttp3/okhttp-urlconnection/3.14.9/okhttp-urlconnection-3.14.9.jar:/Users/brian/.m2/repository/net/java/dev/jna/jna-platform/5.12.1/jna-platform-5.12.1.jar:/Users/brian/.m2/repository/io/trino/trino-cli/403/trino-cli-403.jar:/Users/brian/.m2/repository/com/squareup/okhttp3/logging-interceptor/3.14.9/logging-interceptor-3.14.9.jar:/Users/brian/.m2/repository/info/picocli/picocli/4.7.0/picocli-4.7.0.jar:/Users/brian/.m2/repository/net/sf/opencsv/opencsv/2.3/opencsv-2.3.jar:/Users/brian/.m2/repository/org/antlr/antlr4-runtime/4.11.1/antlr4-runtime-4.11.1.jar:/Users/brian/.m2/repository/org/jline/jline-console/3.21.0/jline-console-3.21.0.jar:/Users/brian/.m2/repository/org/jline/jline-builtins/3.21.0/jline-builtins-3.21.0.jar:/Users/brian/.m2/repository/org/jline/jline-style/3.21.0/jline-style-3.21.0.jar:/Users/brian/.m2/repository/org/jline/jline-reader/3.21.0/jline-reader-3.21.0.jar:/Users/brian/.m2/repository/org/jline/jline-terminal/3.21.0/jline-terminal-3.21.0.jar:/Users/brian/.m2/repository/org/jline/jline-terminal-jna/3.21.0/jline-terminal-jna-3.21.0.jar:/Users/brian/.m2/repository/io/trino/trino-memory/403/trino-memory-403.jar:/Users/brian/.m2/repository/io/trino/trino-tpch/403/trino-tpch-403.jar:/Users/brian/.m2/repository/io/trino/tpch/tpch/1.1/tpch-1.1.jar:/Users/brian/.m2/repository/com/fasterxml/jackson/datatype/jackson-datatype-jdk8/2.13.4/jackson-datatype-jdk8-2.13.4.jar:/Users/brian/.m2/repository/com/google/guava/guava/31.1-jre/guava-31.1-jre.jar:/Users/brian/.m2/repository/com/google/guava/failureaccess/1.0.1/failureaccess-1.0.1.jar:/Users/brian/.m2/repository/org/checkerframework/checker-qual/3.12.0/checker-qual-3.12.0.jar:/Users/brian/.m2/repository/com/google/j2objc/j2objc-annotations/1.3/j2objc-annotations-1.3.jar:/Users/brian/.m2/repository/io/airlift/testing/219/testing-219.jar:/Users/brian/.m2/repository/org/apache/bval/bval-jsr/2.0.5/bval-jsr-2.0.5.jar:/Users/brian/.m2/repository/io/trino/trino-testing/403/trino-testing-403.jar:/Users/brian/.m2/repository/io/trino/trino-main/403/trino-main-403-tests.jar:/Users/brian/.m2/repository/io/trino/trino-testing-services/403/trino-testing-services-403.jar:/Users/brian/.m2/repository/org/jdbi/jdbi3-core/3.32.0/jdbi3-core-3.32.0.jar:/Users/brian/.m2/repository/io/leangen/geantyref/geantyref/1.3.13/geantyref-1.3.13.jar:/Users/brian/.m2/repository/com/github/ben-manes/caffeine/caffeine/3.0.3/caffeine-3.0.3.jar:/Users/brian/.m2/repository/com/h2database/h2/1.4.200/h2-1.4.200.jar:/Users/brian/.m2/repository/org/testng/testng/7.6.1/testng-7.6.1.jar:/Users/brian/.m2/repository/org/slf4j/slf4j-api/1.7.36/slf4j-api-1.7.36.jar:/Users/brian/.m2/repository/com/beust/jcommander/1.82/jcommander-1.82.jar:/Users/brian/.m2/repository/org/webjars/jquery/3.6.0/jquery-3.6.0.jar:/Users/brian/.m2/repository/org/codehaus/plexus/plexus-utils/3.5.0/plexus-utils-3.5.0.jar:/Users/brian/.m2/repository/org/assertj/assertj-core/3.23.1/assertj-core-3.23.1.jar:/Users/brian/.m2/repository/net/bytebuddy/byte-buddy/1.12.10/byte-buddy-1.12.10.jar:"/>
    <property name="java.vm.vendor" value="Oracle Corporation"/>
    <property name="sun.arch.data.model" value="64"/>
    <property name="git.commit.id" value="25738e08ac3ea8931bd5e5a896fcff185ae048e6"/>
    <property name="java.vendor.url" value="https://java.oracle.com/"/>
    <property name="user.timezone" value="UTC"/>
    <property name="os.name" value="Mac OS X"/>
    <property name="java.vm.specification.version" value="18"/>
    <property name="sun.java.launcher" value="SUN_STANDARD"/>
    <property name="user.country" value="US"/>
    <property name="sun.boot.library.path" value="/Users/brian/Library/Java/JavaVirtualMachines/openjdk-18.0.2/Contents/Home/lib"/>
    <property name="sun.java.command" value="/Users/brian/code/lone-bunny/target/surefire/surefirebooter9150936440887727655.jar /Users/brian/code/lone-bunny/target/surefire 2022-11-26T05-32-58_438-jvmRun1 surefire1148143242843161897tmp surefire_010704142266076266888tmp"/>
    <property name="http.nonProxyHosts" value="local|*.local|169.254/16|*.169.254/16"/>
    <property name="jdk.debug" value="release"/>
    <property name="surefire.test.class.path" value="/Users/brian/code/lone-bunny/target/test-classes:/Users/brian/code/lone-bunny/target/classes:/Users/brian/.m2/repository/io/airlift/bootstrap/219/bootstrap-219.jar:/Users/brian/.m2/repository/io/airlift/log-manager/219/log-manager-219.jar:/Users/brian/.m2/repository/org/slf4j/slf4j-jdk14/1.7.36/slf4j-jdk14-1.7.36.jar:/Users/brian/.m2/repository/org/slf4j/log4j-over-slf4j/1.7.36/log4j-over-slf4j-1.7.36.jar:/Users/brian/.m2/repository/org/apache/logging/log4j/log4j-to-slf4j/2.17.1/log4j-to-slf4j-2.17.1.jar:/Users/brian/.m2/repository/org/apache/logging/log4j/log4j-api/2.17.1/log4j-api-2.17.1.jar:/Users/brian/.m2/repository/org/slf4j/jcl-over-slf4j/1.7.36/jcl-over-slf4j-1.7.36.jar:/Users/brian/.m2/repository/ch/qos/logback/logback-core/1.2.11/logback-core-1.2.11.jar:/Users/brian/.m2/repository/io/airlift/configuration/219/configuration-219.jar:/Users/brian/.m2/repository/com/google/inject/guice/5.1.0/guice-5.1.0.jar:/Users/brian/.m2/repository/aopalliance/aopalliance/1.0/aopalliance-1.0.jar:/Users/brian/.m2/repository/javax/annotation/javax.annotation-api/1.3.2/javax.annotation-api-1.3.2.jar:/Users/brian/.m2/repository/javax/inject/javax.inject/1/javax.inject-1.jar:/Users/brian/.m2/repository/io/airlift/log/219/log-219.jar:/Users/brian/.m2/repository/io/trino/trino-main/403/trino-main-403.jar:/Users/brian/.m2/repository/io/trino/trino-array/403/trino-array-403.jar:/Users/brian/.m2/repository/io/trino/trino-client/403/trino-client-403.jar:/Users/brian/.m2/repository/io/trino/trino-collect/403/trino-collect-403.jar:/Users/brian/.m2/repository/io/trino/trino-geospatial-toolkit/403/trino-geospatial-toolkit-403.jar:/Users/brian/.m2/repository/org/locationtech/jts/io/jts-io-common/1.16.1/jts-io-common-1.16.1.jar:/Users/brian/.m2/repository/com/googlecode/json-simple/json-simple/1.1.1/json-simple-1.1.1.jar:/Users/brian/.m2/repository/io/trino/trino-matching/403/trino-matching-403.jar:/Users/brian/.m2/repository/io/trino/trino-memory-context/403/trino-memory-context-403.jar:/Users/brian/.m2/repository/io/trino/trino-parser/403/trino-parser-403.jar:/Users/brian/.m2/repository/io/trino/trino-plugin-toolkit/403/trino-plugin-toolkit-403.jar:/Users/brian/.m2/repository/io/airlift/parameternames/1.4/parameternames-1.4.jar:/Users/brian/.m2/repository/io/trino/trino-spi/403/trino-spi-403.jar:/Users/brian/.m2/repository/io/airlift/aircompressor/0.21/aircompressor-0.21.jar:/Users/brian/.m2/repository/io/airlift/bytecode/1.4/bytecode-1.4.jar:/Users/brian/.m2/repository/org/ow2/asm/asm-tree/9.2/asm-tree-9.2.jar:/Users/brian/.m2/repository/org/ow2/asm/asm-util/9.2/asm-util-9.2.jar:/Users/brian/.m2/repository/org/ow2/asm/asm-analysis/9.2/asm-analysis-9.2.jar:/Users/brian/.m2/repository/io/airlift/concurrent/219/concurrent-219.jar:/Users/brian/.m2/repository/io/airlift/discovery/219/discovery-219.jar:/Users/brian/.m2/repository/io/airlift/event/219/event-219.jar:/Users/brian/.m2/repository/io/airlift/http-client/219/http-client-219.jar:/Users/brian/.m2/repository/org/eclipse/jetty/jetty-client/9.4.49.v20220914/jetty-client-9.4.49.v20220914.jar:/Users/brian/.m2/repository/org/eclipse/jetty/jetty-io/9.4.49.v20220914/jetty-io-9.4.49.v20220914.jar:/Users/brian/.m2/repository/org/eclipse/jetty/jetty-util/9.4.49.v20220914/jetty-util-9.4.49.v20220914.jar:/Users/brian/.m2/repository/org/eclipse/jetty/jetty-http/9.4.49.v20220914/jetty-http-9.4.49.v20220914.jar:/Users/brian/.m2/repository/org/eclipse/jetty/http2/http2-client/9.4.49.v20220914/http2-client-9.4.49.v20220914.jar:/Users/brian/.m2/repository/org/eclipse/jetty/http2/http2-common/9.4.49.v20220914/http2-common-9.4.49.v20220914.jar:/Users/brian/.m2/repository/org/eclipse/jetty/http2/http2-hpack/9.4.49.v20220914/http2-hpack-9.4.49.v20220914.jar:/Users/brian/.m2/repository/org/eclipse/jetty/jetty-alpn-client/9.4.49.v20220914/jetty-alpn-client-9.4.49.v20220914.jar:/Users/brian/.m2/repository/org/eclipse/jetty/http2/http2-http-client-transport/9.4.49.v20220914/http2-http-client-transport-9.4.49.v20220914.jar:/Users/brian/.m2/repository/org/eclipse/jetty/jetty-alpn-java-client/9.4.49.v20220914/jetty-alpn-java-client-9.4.49.v20220914.jar:/Users/brian/.m2/repository/io/airlift/http-server/219/http-server-219.jar:/Users/brian/.m2/repository/org/eclipse/jetty/http2/http2-server/9.4.49.v20220914/http2-server-9.4.49.v20220914.jar:/Users/brian/.m2/repository/org/eclipse/jetty/jetty-server/9.4.49.v20220914/jetty-server-9.4.49.v20220914.jar:/Users/brian/.m2/repository/org/eclipse/jetty/jetty-servlet/9.4.49.v20220914/jetty-servlet-9.4.49.v20220914.jar:/Users/brian/.m2/repository/org/eclipse/jetty/jetty-util-ajax/9.4.49.v20220914/jetty-util-ajax-9.4.49.v20220914.jar:/Users/brian/.m2/repository/org/eclipse/jetty/jetty-security/9.4.49.v20220914/jetty-security-9.4.49.v20220914.jar:/Users/brian/.m2/repository/org/eclipse/jetty/jetty-jmx/9.4.49.v20220914/jetty-jmx-9.4.49.v20220914.jar:/Users/brian/.m2/repository/io/airlift/jaxrs/219/jaxrs-219.jar:/Users/brian/.m2/repository/javax/xml/bind/jaxb-api/2.3.1/jaxb-api-2.3.1.jar:/Users/brian/.m2/repository/javax/activation/javax.activation-api/1.2.0/javax.activation-api-1.2.0.jar:/Users/brian/.m2/repository/org/glassfish/jaxb/jaxb-runtime/2.3.4/jaxb-runtime-2.3.4.jar:/Users/brian/.m2/repository/org/glassfish/jaxb/txw2/2.3.4/txw2-2.3.4.jar:/Users/brian/.m2/repository/com/sun/istack/istack-commons-runtime/3.0.12/istack-commons-runtime-3.0.12.jar:/Users/brian/.m2/repository/org/glassfish/jersey/core/jersey-server/2.26/jersey-server-2.26.jar:/Users/brian/.m2/repository/org/glassfish/jersey/core/jersey-common/2.26/jersey-common-2.26.jar:/Users/brian/.m2/repository/org/glassfish/hk2/osgi-resource-locator/1.0.1/osgi-resource-locator-1.0.1.jar:/Users/brian/.m2/repository/org/glassfish/jersey/core/jersey-client/2.26/jersey-client-2.26.jar:/Users/brian/.m2/repository/org/glassfish/jersey/media/jersey-media-jaxb/2.26/jersey-media-jaxb-2.26.jar:/Users/brian/.m2/repository/org/glassfish/jersey/containers/jersey-container-servlet-core/2.26/jersey-container-servlet-core-2.26.jar:/Users/brian/.m2/repository/org/glassfish/jersey/containers/jersey-container-servlet/2.26/jersey-container-servlet-2.26.jar:/Users/brian/.m2/repository/org/glassfish/jersey/inject/jersey-hk2/2.26/jersey-hk2-2.26.jar:/Users/brian/.m2/repository/org/glassfish/hk2/hk2-locator/2.5.0-b42/hk2-locator-2.5.0-b42.jar:/Users/brian/.m2/repository/org/glassfish/hk2/hk2-api/2.5.0-b42/hk2-api-2.5.0-b42.jar:/Users/brian/.m2/repository/org/glassfish/hk2/hk2-utils/2.5.0-b42/hk2-utils-2.5.0-b42.jar:/Users/brian/.m2/repository/org/javassist/javassist/3.22.0-CR2/javassist-3.22.0-CR2.jar:/Users/brian/.m2/repository/com/fasterxml/jackson/dataformat/jackson-dataformat-smile/2.13.4/jackson-dataformat-smile-2.13.4.jar:/Users/brian/.m2/repository/io/airlift/jmx/219/jmx-219.jar:/Users/brian/.m2/repository/io/airlift/jmx-http/219/jmx-http-219.jar:/Users/brian/.m2/repository/io/airlift/joni/2.1.5.3/joni-2.1.5.3.jar:/Users/brian/.m2/repository/io/airlift/json/219/json-219.jar:/Users/brian/.m2/repository/com/fasterxml/jackson/datatype/jackson-datatype-jsr310/2.13.4/jackson-datatype-jsr310-2.13.4.jar:/Users/brian/.m2/repository/com/fasterxml/jackson/datatype/jackson-datatype-guava/2.13.4/jackson-datatype-guava-2.13.4.jar:/Users/brian/.m2/repository/com/fasterxml/jackson/datatype/jackson-datatype-joda/2.13.4/jackson-datatype-joda-2.13.4.jar:/Users/brian/.m2/repository/com/fasterxml/jackson/module/jackson-module-parameter-names/2.13.4/jackson-module-parameter-names-2.13.4.jar:/Users/brian/.m2/repository/io/airlift/node/219/node-219.jar:/Users/brian/.m2/repository/io/airlift/security/219/security-219.jar:/Users/brian/.m2/repository/io/airlift/slice/0.44/slice-0.44.jar:/Users/brian/.m2/repository/io/airlift/stats/219/stats-219.jar:/Users/brian/.m2/repository/org/hdrhistogram/HdrHistogram/2.1.9/HdrHistogram-2.1.9.jar:/Users/brian/.m2/repository/io/airlift/trace-token/219/trace-token-219.jar:/Users/brian/.m2/repository/io/airlift/units/1.7/units-1.7.jar:/Users/brian/.m2/repository/io/airlift/discovery/discovery-server/1.30/discovery-server-1.30.jar:/Users/brian/.m2/repository/io/airlift/jmx-http-rpc/0.193/jmx-http-rpc-0.193.jar:/Users/brian/.m2/repository/org/iq80/leveldb/leveldb-api/0.12/leveldb-api-0.12.jar:/Users/brian/.m2/repository/org/iq80/leveldb/leveldb/0.12/leveldb-0.12.jar:/Users/brian/.m2/repository/io/airlift/event-http/0.193/event-http-0.193.jar:/Users/brian/.m2/repository/com/clearspring/analytics/stream/2.9.5/stream-2.9.5.jar:/Users/brian/.m2/repository/com/esri/geometry/esri-geometry-api/2.2.4/esri-geometry-api-2.2.4.jar:/Users/brian/.m2/repository/com/fasterxml/jackson/core/jackson-annotations/2.13.4/jackson-annotations-2.13.4.jar:/Users/brian/.m2/repository/com/fasterxml/jackson/core/jackson-core/2.13.4/jackson-core-2.13.4.jar:/Users/brian/.m2/repository/com/fasterxml/jackson/core/jackson-databind/2.13.4/jackson-databind-2.13.4.jar:/Users/brian/.m2/repository/com/github/oshi/oshi-core/5.8.5/oshi-core-5.8.5.jar:/Users/brian/.m2/repository/net/java/dev/jna/jna/5.10.0/jna-5.10.0.jar:/Users/brian/.m2/repository/com/google/code/findbugs/jsr305/3.0.2/jsr305-3.0.2.jar:/Users/brian/.m2/repository/com/google/errorprone/error_prone_annotations/2.15.0/error_prone_annotations-2.15.0.jar:/Users/brian/.m2/repository/com/nimbusds/nimbus-jose-jwt/9.14/nimbus-jose-jwt-9.14.jar:/Users/brian/.m2/repository/com/github/stephenc/jcip/jcip-annotations/1.0-1/jcip-annotations-1.0-1.jar:/Users/brian/.m2/repository/com/nimbusds/oauth2-oidc-sdk/9.18/oauth2-oidc-sdk-9.18.jar:/Users/brian/.m2/repository/com/nimbusds/content-type/2.1/content-type-2.1.jar:/Users/brian/.m2/repository/net/minidev/json-smart/2.4.7/json-smart-2.4.7.jar:/Users/brian/.m2/repository/net/minidev/accessors-smart/2.4.7/accessors-smart-2.4.7.jar:/Users/brian/.m2/repository/com/nimbusds/lang-tag/1.5/lang-tag-1.5.jar:/Users/brian/.m2/repository/com/teradata/re2j-td/1.4/re2j-td-1.4.jar:/Users/brian/.m2/repository/commons-codec/commons-codec/1.15/commons-codec-1.15.jar:/Users/brian/.m2/repository/io/jsonwebtoken/jjwt-api/0.11.2/jjwt-api-0.11.2.jar:/Users/brian/.m2/repository/io/jsonwebtoken/jjwt-impl/0.11.2/jjwt-impl-0.11.2.jar:/Users/brian/.m2/repository/io/jsonwebtoken/jjwt-jackson/0.11.2/jjwt-jackson-0.11.2.jar:/Users/brian/.m2/repository/it/unimi/dsi/fastutil/8.3.0/fastutil-8.3.0.jar:/Users/brian/.m2/repository/javax/servlet/javax.servlet-api/4.0.1/javax.servlet-api-4.0.1.jar:/Users/brian/.m2/repository/javax/validation/validation-api/2.0.1.Final/validation-api-2.0.1.Final.jar:/Users/brian/.m2/repository/javax/ws/rs/javax.ws.rs-api/2.1.1/javax.ws.rs-api-2.1.1.jar:/Users/brian/.m2/repository/joda-time/joda-time/2.12.1/joda-time-2.12.1.jar:/Users/brian/.m2/repository/net/jodah/failsafe/2.4.0/failsafe-2.4.0.jar:/Users/brian/.m2/repository/org/apache/commons/commons-math3/3.6.1/commons-math3-3.6.1.jar:/Users/brian/.m2/repository/org/apache/lucene/lucene-analyzers-common/8.4.1/lucene-analyzers-common-8.4.1.jar:/Users/brian/.m2/repository/org/apache/lucene/lucene-core/8.4.1/lucene-core-8.4.1.jar:/Users/brian/.m2/repository/org/gaul/modernizer-maven-annotations/2.4.0/modernizer-maven-annotations-2.4.0.jar:/Users/brian/.m2/repository/org/jgrapht/jgrapht-core/0.9.0/jgrapht-core-0.9.0.jar:/Users/brian/.m2/repository/org/locationtech/jts/jts-core/1.16.1/jts-core-1.16.1.jar:/Users/brian/.m2/repository/org/openjdk/jol/jol-core/0.16/jol-core-0.16.jar:/Users/brian/.m2/repository/org/ow2/asm/asm/9.3/asm-9.3.jar:/Users/brian/.m2/repository/org/pcollections/pcollections/2.1.2/pcollections-2.1.2.jar:/Users/brian/.m2/repository/org/roaringbitmap/RoaringBitmap/0.9.30/RoaringBitmap-0.9.30.jar:/Users/brian/.m2/repository/org/roaringbitmap/shims/0.9.30/shims-0.9.30.jar:/Users/brian/.m2/repository/org/weakref/jmxutils/1.21/jmxutils-1.21.jar:/Users/brian/.m2/repository/com/squareup/okhttp3/okhttp/3.14.9/okhttp-3.14.9.jar:/Users/brian/.m2/repository/com/squareup/okio/okio/1.17.2/okio-1.17.2.jar:/Users/brian/.m2/repository/com/squareup/okhttp3/okhttp-urlconnection/3.14.9/okhttp-urlconnection-3.14.9.jar:/Users/brian/.m2/repository/net/java/dev/jna/jna-platform/5.12.1/jna-platform-5.12.1.jar:/Users/brian/.m2/repository/io/trino/trino-cli/403/trino-cli-403.jar:/Users/brian/.m2/repository/com/squareup/okhttp3/logging-interceptor/3.14.9/logging-interceptor-3.14.9.jar:/Users/brian/.m2/repository/info/picocli/picocli/4.7.0/picocli-4.7.0.jar:/Users/brian/.m2/repository/net/sf/opencsv/opencsv/2.3/opencsv-2.3.jar:/Users/brian/.m2/repository/org/antlr/antlr4-runtime/4.11.1/antlr4-runtime-4.11.1.jar:/Users/brian/.m2/repository/org/jline/jline-console/3.21.0/jline-console-3.21.0.jar:/Users/brian/.m2/repository/org/jline/jline-builtins/3.21.0/jline-builtins-3.21.0.jar:/Users/brian/.m2/repository/org/jline/jline-style/3.21.0/jline-style-3.21.0.jar:/Users/brian/.m2/repository/org/jline/jline-reader/3.21.0/jline-reader-3.21.0.jar:/Users/brian/.m2/repository/org/jline/jline-terminal/3.21.0/jline-terminal-3.21.0.jar:/Users/brian/.m2/repository/org/jline/jline-terminal-jna/3.21.0/jline-terminal-jna-3.21.0.jar:/Users/brian/.m2/repository/io/trino/trino-memory/403/trino-memory-403.jar:/Users/brian/.m2/repository/io/trino/trino-tpch/403/trino-tpch-403.jar:/Users/brian/.m2/repository/io/trino/tpch/tpch/1.1/tpch-1.1.jar:/Users/brian/.m2/repository/com/fasterxml/jackson/datatype/jackson-datatype-jdk8/2.13.4/jackson-datatype-jdk8-2.13.4.jar:/Users/brian/.m2/repository/com/google/guava/guava/31.1-jre/guava-31.1-jre.jar:/Users/brian/.m2/repository/com/google/guava/failureaccess/1.0.1/failureaccess-1.0.1.jar:/Users/brian/.m2/repository/org/checkerframework/checker-qual/3.12.0/checker-qual-3.12.0.jar:/Users/brian/.m2/repository/com/google/j2objc/j2objc-annotations/1.3/j2objc-annotations-1.3.jar:/Users/brian/.m2/repository/io/airlift/testing/219/testing-219.jar:/Users/brian/.m2/repository/org/apache/bval/bval-jsr/2.0.5/bval-jsr-2.0.5.jar:/Users/brian/.m2/repository/io/trino/trino-testing/403/trino-testing-403.jar:/Users/brian/.m2/repository/io/trino/trino-main/403/trino-main-403-tests.jar:/Users/brian/.m2/repository/io/trino/trino-testing-services/403/trino-testing-services-403.jar:/Users/brian/.m2/repository/org/jdbi/jdbi3-core/3.32.0/jdbi3-core-3.32.0.jar:/Users/brian/.m2/repository/io/leangen/geantyref/geantyref/1.3.13/geantyref-1.3.13.jar:/Users/brian/.m2/repository/com/github/ben-manes/caffeine/caffeine/3.0.3/caffeine-3.0.3.jar:/Users/brian/.m2/repository/com/h2database/h2/1.4.200/h2-1.4.200.jar:/Users/brian/.m2/repository/org/testng/testng/7.6.1/testng-7.6.1.jar:/Users/brian/.m2/repository/org/slf4j/slf4j-api/1.7.36/slf4j-api-1.7.36.jar:/Users/brian/.m2/repository/com/beust/jcommander/1.82/jcommander-1.82.jar:/Users/brian/.m2/repository/org/webjars/jquery/3.6.0/jquery-3.6.0.jar:/Users/brian/.m2/repository/org/codehaus/plexus/plexus-utils/3.5.0/plexus-utils-3.5.0.jar:/Users/brian/.m2/repository/org/assertj/assertj-core/3.23.1/assertj-core-3.23.1.jar:/Users/brian/.m2/repository/net/bytebuddy/byte-buddy/1.12.10/byte-buddy-1.12.10.jar:"/>
    <property name="sun.cpu.endian" value="little"/>
    <property name="user.home" value="/Users/brian"/>
    <property name="user.language" value="en"/>
    <property name="java.specification.vendor" value="Oracle Corporation"/>
    <property name="java.version.date" value="2022-07-19"/>
    <property name="java.home" value="/Users/brian/Library/Java/JavaVirtualMachines/openjdk-18.0.2/Contents/Home"/>
    <property name="file.separator" value="/"/>
    <property name="basedir" value="/Users/brian/code/lone-bunny"/>
    <property name="java.vm.compressedOopsMode" value="Zero based"/>
    <property name="line.separator" value="&#10;"/>
    <property name="java.vm.specification.vendor" value="Oracle Corporation"/>
    <property name="java.specification.name" value="Java Platform API Specification"/>
    <property name="java.awt.headless" value="true"/>
    <property name="apple.awt.application.name" value="ForkedBooter"/>
    <property name="git.build.time" value="2022-11-26T05:32:56-0600"/>
    <property name="surefire.real.class.path" value="/Users/brian/code/lone-bunny/target/surefire/surefirebooter9150936440887727655.jar"/>
    <property name="sun.management.compiler" value="HotSpot 64-Bit Tiered Compilers"/>
    <property name="ftp.nonProxyHosts" value="local|*.local|169.254/16|*.169.254/16"/>
    <property name="java.runtime.version" value="18.0.2+9-61"/>
    <property name="user.name" value="brian"/>
    <property name="path.separator" value=":"/>
    <property name="os.version" value="12.5"/>
    <property name="java.runtime.name" value="OpenJDK Runtime Environment"/>
    <property name="file.encoding" value="UTF-8"/>
    <property name="java.vm.name" value="OpenJDK 64-Bit Server VM"/>
    <property name="localRepository" value="/Users/brian/.m2/repository"/>
    <property name="java.vendor.url.bug" value="https://bugreport.java.com/bugreport/"/>
    <property name="java.io.tmpdir" value="/var/folders/87/4n1dt2jx36x622g1gbk9xm_m0000gn/T/"/>
    <property name="idea.version" value="2022.2.3"/>
    <property name="java.version" value="18.0.2"/>
    <property name="user.dir" value="/Users/brian/code/lone-bunny"/>
    <property name="os.arch" value="x86_64"/>
    <property name="java.vm.specification.name" value="Java Virtual Machine Specification"/>
    <property name="java.util.logging.SimpleFormatter.format" value="%1$tY-%1$tm-%1$tdT%1$tH:%1$tM:%1$tS.%1$tL%1$tz %4$s %5$s%6$s%n"/>
    <property name="git.commit.id.describe" value="25738e0-dirty"/>
    <property name="native.encoding" value="UTF-8"/>
    <property name="java.library.path" value="/Users/brian/Library/Java/Extensions:/Library/Java/Extensions:/Network/Library/Java/Extensions:/System/Library/Java/Extensions:/usr/lib/java:."/>
    <property name="java.vm.info" value="mixed mode, sharing"/>
    <property name="java.vendor" value="Oracle Corporation"/>
    <property name="java.vm.version" value="18.0.2+9-61"/>
    <property name="sun.io.unicode.encoding" value="UnicodeBig"/>
    <property name="socksNonProxyHosts" value="local|*.local|169.254/16|*.169.254/16"/>
    <property name="java.class.version" value="62.0"/>
  </properties>
  <testcase name="dummyTestForSureFile" classname="io.trino.TestEmbeddedServer" time="0.005">
    <system-err><![CDATA[2022-11-26T11:32:58.877+0000 INFO LogTestDurationListener enabled: false
2022-11-26T11:32:58.896+0000 INFO ProgressLoggingListener is disabled!
]]></system-err>
  </testcase>
</testsuite>