<?xml version="1.0" encoding="UTF-8"?>
<!-- Generated by org.testng.reporters.JUnitReportReporter -->
<testsuite hostname="Brians-MacBook-Pro-2.local" failures="0" tests="1" name="io.trino.TestEmbeddedServer" time="0.005" errors="0" timestamp="2022-11-26T11:32:59 UTC" skipped="0">
  <testcase classname="io.trino.TestEmbeddedServer" name="dummyTestForSureFile" time="0.005"/>
  <system-out/>
</testsuite> <!-- io.trino.TestEmbeddedServer -->
